TN:
SF:src/helpers.ts
FN:2,(anonymous_0)
FNF:1
FNH:0
FNDA:0,(anonymous_0)
DA:2,0
DA:5,0
DA:6,0
DA:9,0
DA:10,0
DA:13,0
DA:14,0
DA:17,0
DA:18,0
DA:21,0
DA:22,0
DA:25,0
DA:26,0
DA:29,0
LF:14
LH:0
BRDA:5,0,0,0
BRDA:5,0,1,0
BRDA:9,1,0,0
BRDA:9,1,1,0
BRDA:13,2,0,0
BRDA:13,2,1,0
BRDA:13,3,0,0
BRDA:13,3,1,0
BRDA:17,4,0,0
BRDA:17,4,1,0
BRDA:17,5,0,0
BRDA:17,5,1,0
BRDA:21,6,0,0
BRDA:21,6,1,0
BRDA:21,7,0,0
BRDA:21,7,1,0
BRDA:25,8,0,0
BRDA:25,8,1,0
BRDA:25,9,0,0
BRDA:25,9,1,0
BRF:20
BRH:0
end_of_record
TN:
SF:src/components/Accordion/Accordion.tsx
FN:12,Accordion
FN:17,(anonymous_11)
FNF:2
FNH:0
FNDA:0,Accordion
FNDA:0,(anonymous_11)
DA:2,0
DA:5,0
DA:12,0
DA:14,0
DA:15,0
DA:17,0
DA:18,0
DA:19,0
DA:23,0
LF:9
LH:0
BRDA:18,0,0,0
BRF:1
BRH:0
end_of_record
TN:
SF:src/components/Accordion/AccordionContext.ts
FNF:0
FNH:0
DA:5,0
DA:6,0
DA:7,0
LF:3
LH:0
BRF:0
BRH:0
end_of_record
TN:
SF:src/components/Accordion/AccrodionItem.tsx
FN:26,AccordionItem
FN:36,(anonymous_2)
FN:44,(anonymous_3)
FN:49,(anonymous_4)
FN:50,(anonymous_5)
FN:54,(anonymous_6)
FN:55,(anonymous_7)
FN:56,(anonymous_8)
FN:59,(anonymous_9)
FN:71,(anonymous_10)
FNF:10
FNH:0
FNDA:0,AccordionItem
FNDA:0,(anonymous_2)
FNDA:0,(anonymous_3)
FNDA:0,(anonymous_4)
FNDA:0,(anonymous_5)
FNDA:0,(anonymous_6)
FNDA:0,(anonymous_7)
FNDA:0,(anonymous_8)
FNDA:0,(anonymous_9)
FNDA:0,(anonymous_10)
DA:2,0
DA:12,0
DA:15,0
DA:18,0
DA:26,0
DA:28,0
DA:29,0
DA:30,0
DA:31,0
DA:32,0
DA:33,0
DA:34,0
DA:36,0
DA:37,0
DA:38,0
DA:40,0
DA:44,0
DA:45,0
DA:46,0
DA:49,0
DA:50,0
DA:51,0
DA:54,0
DA:55,0
DA:56,0
DA:59,0
DA:60,0
DA:61,0
DA:62,0
DA:64,0
DA:68,0
DA:71,0
LF:32
LH:0
BRDA:37,0,0,0
BRDA:37,0,1,0
BRDA:55,1,0,0
BRDA:55,1,1,0
BRDA:55,2,0,0
BRDA:55,2,1,0
BRDA:56,3,0,0
BRDA:56,3,1,0
BRDA:56,4,0,0
BRDA:56,4,1,0
BRDA:60,5,0,0
BRDA:60,5,1,0
BRDA:60,6,0,0
BRDA:60,6,1,0
BRDA:71,7,0,0
BRDA:71,7,1,0
BRDA:75,8,0,0
BRDA:75,8,1,0
BRDA:81,9,0,0
BRDA:81,9,1,0
BRF:20
BRH:0
end_of_record
TN:
SF:src/components/Button/Button.tsx
FN:27,Button
FN:41,(anonymous_10)
FN:43,(anonymous_11)
FN:52,(anonymous_12)
FN:56,(anonymous_13)
FNF:5
FNH:4
FNDA:7,Button
FNDA:7,(anonymous_10)
FNDA:1,(anonymous_11)
FNDA:0,(anonymous_12)
FNDA:1,(anonymous_13)
DA:2,1
DA:27,1
DA:40,7
DA:41,7
DA:42,7
DA:43,7
DA:44,1
DA:45,1
DA:46,1
DA:50,7
DA:52,0
DA:56,1
LF:12
LH:11
BRDA:31,0,0,7
BRDA:32,1,0,7
BRDA:33,2,0,6
BRDA:34,3,0,7
BRDA:38,4,0,7
BRDA:39,5,0,5
BRDA:41,6,0,1
BRDA:41,6,1,6
BRDA:45,7,0,1
BRDA:51,8,0,0
BRDA:51,8,1,7
BRDA:51,9,0,7
BRDA:51,9,1,0
BRF:13
BRH:11
end_of_record
TN:
SF:src/components/ButtonGroup/ButtonGroup.tsx
FN:21,ButtonGroup
FN:31,(anonymous_10)
FN:32,(anonymous_11)
FN:32,(anonymous_12)
FNF:4
FNH:0
FNDA:0,ButtonGroup
FNDA:0,(anonymous_10)
FNDA:0,(anonymous_11)
FNDA:0,(anonymous_12)
DA:2,0
DA:21,0
DA:30,0
DA:31,0
DA:32,0
DA:33,0
DA:34,0
DA:41,0
DA:44,0
LF:9
LH:0
BRDA:25,0,0,0
BRDA:26,1,0,0
BRDA:27,2,0,0
BRDA:28,3,0,0
BRDA:31,4,0,0
BRDA:31,4,1,0
BRDA:33,5,0,0
BRF:7
BRH:0
end_of_record
TN:
SF:src/components/Cards/Card.tsx
FN:11,Card
FNF:1
FNH:0
FNDA:0,Card
DA:2,0
DA:11,0
DA:18,0
DA:20,0
LF:4
LH:0
BRDA:22,0,0,0
BRDA:22,0,1,0
BRDA:23,1,0,0
BRDA:23,1,1,0
BRDA:25,2,0,0
BRDA:25,2,1,0
BRDA:25,2,2,0
BRDA:27,3,0,0
BRDA:27,3,1,0
BRDA:30,4,0,0
BRDA:30,4,1,0
BRF:11
BRH:0
end_of_record
TN:
SF:src/components/Cards/CardSection.tsx
FN:4,CardSection
FNF:1
FNH:0
FNDA:0,CardSection
DA:2,0
DA:4,0
DA:6,0
DA:8,0
LF:4
LH:0
BRF:0
BRH:0
end_of_record
TN:
SF:src/components/Cards/Cards.tsx
FN:9,Cards
FN:13,(anonymous_10)
FNF:2
FNH:0
FNDA:0,Cards
FNDA:0,(anonymous_10)
DA:2,0
DA:9,0
DA:11,0
DA:13,0
DA:14,0
DA:15,0
DA:17,0
DA:18,0
DA:20,0
DA:21,0
DA:23,0
DA:24,0
DA:26,0
DA:27,0
DA:29,0
DA:30,0
DA:32,0
DA:35,0
LF:18
LH:0
BRDA:11,0,0,0
BRDA:15,1,0,0
BRDA:15,1,1,0
BRDA:15,1,2,0
BRDA:15,1,3,0
BRDA:15,1,4,0
BRF:6
BRH:0
end_of_record
TN:
SF:src/components/Drawer/Drawer.tsx
FN:22,Drawer
FN:25,(anonymous_2)
FN:41,(anonymous_3)
FNF:3
FNH:0
FNDA:0,Drawer
FNDA:0,(anonymous_2)
FNDA:0,(anonymous_3)
DA:2,0
DA:5,0
DA:6,0
DA:7,0
DA:10,0
DA:11,0
DA:12,0
DA:22,0
DA:24,0
DA:25,0
DA:26,0
DA:27,0
DA:28,0
DA:29,0
DA:30,0
DA:31,0
DA:33,0
DA:41,0
LF:18
LH:0
BRDA:24,0,0,0
BRDA:24,1,0,0
BRDA:34,2,0,0
BRDA:34,2,1,0
BRF:4
BRH:0
end_of_record
TN:
SF:src/components/Icon/Icon.tsx
FN:62,(anonymous_0)
FN:71,(anonymous_1)
FN:72,(anonymous_2)
FNF:3
FNH:0
FNDA:0,(anonymous_0)
FNDA:0,(anonymous_1)
FNDA:0,(anonymous_2)
DA:2,0
DA:5,0
DA:62,0
DA:70,0
DA:71,0
DA:72,0
DA:73,0
DA:75,0
DA:77,0
DA:79,0
DA:81,0
DA:83,0
DA:85,0
DA:87,0
DA:89,0
DA:91,0
DA:93,0
DA:95,0
DA:97,0
DA:99,0
DA:101,0
DA:103,0
DA:105,0
DA:107,0
DA:109,0
DA:111,0
DA:113,0
DA:117,0
DA:136,0
LF:29
LH:0
BRDA:66,0,0,0
BRDA:67,1,0,0
BRDA:68,2,0,0
BRDA:71,3,0,0
BRDA:71,3,1,0
BRDA:73,4,0,0
BRDA:73,4,1,0
BRDA:73,4,2,0
BRDA:73,4,3,0
BRDA:73,4,4,0
BRDA:73,4,5,0
BRDA:73,4,6,0
BRDA:73,4,7,0
BRDA:73,4,8,0
BRDA:73,4,9,0
BRDA:73,4,10,0
BRDA:73,4,11,0
BRDA:73,4,12,0
BRDA:73,4,13,0
BRDA:73,4,14,0
BRDA:73,4,15,0
BRDA:73,4,16,0
BRDA:73,4,17,0
BRDA:73,4,18,0
BRDA:73,4,19,0
BRF:25
BRH:0
end_of_record
TN:
SF:src/components/Icon/paths.tsx
FN:5,AlertCircle
FN:16,AlertSquare
FN:27,AlertTriangle
FN:38,Check
FN:47,ChevronDown
FN:56,ChevronLeft
FN:65,ChevronRight
FN:74,ChevronUp
FN:83,Copy
FN:93,Close
FN:103,Dots
FN:114,Home
FN:125,Info
FN:136,Login
FN:147,Menu
FN:158,ProgressAlert
FN:173,ProgressCheck
FN:187,Progress
FN:200,Search
FN:210,Settings
FNF:20
FNH:0
FNDA:0,AlertCircle
FNDA:0,AlertSquare
FNDA:0,AlertTriangle
FNDA:0,Check
FNDA:0,ChevronDown
FNDA:0,ChevronLeft
FNDA:0,ChevronRight
FNDA:0,ChevronUp
FNDA:0,Copy
FNDA:0,Close
FNDA:0,Dots
FNDA:0,Home
FNDA:0,Info
FNDA:0,Login
FNDA:0,Menu
FNDA:0,ProgressAlert
FNDA:0,ProgressCheck
FNDA:0,Progress
FNDA:0,Search
FNDA:0,Settings
DA:5,0
DA:6,0
DA:16,0
DA:17,0
DA:27,0
DA:28,0
DA:38,0
DA:39,0
DA:47,0
DA:48,0
DA:56,0
DA:57,0
DA:65,0
DA:66,0
DA:74,0
DA:75,0
DA:83,0
DA:84,0
DA:93,0
DA:94,0
DA:103,0
DA:104,0
DA:114,0
DA:115,0
DA:125,0
DA:126,0
DA:136,0
DA:137,0
DA:147,0
DA:148,0
DA:158,0
DA:159,0
DA:173,0
DA:174,0
DA:187,0
DA:188,0
DA:200,0
DA:201,0
DA:210,0
DA:211,0
LF:40
LH:0
BRF:0
BRH:0
end_of_record
TN:
SF:src/components/IconButton/IconButton.tsx
FN:20,IconButton
FN:32,(anonymous_10)
FNF:2
FNH:0
FNDA:0,IconButton
FNDA:0,(anonymous_10)
DA:2,0
DA:20,0
DA:31,0
DA:32,0
DA:34,0
LF:5
LH:0
BRDA:24,0,0,0
BRDA:25,1,0,0
BRDA:26,2,0,0
BRDA:27,3,0,0
BRDA:32,4,0,0
BRDA:32,4,1,0
BRF:6
BRH:0
end_of_record
TN:
SF:src/components/Inputs/Search/SearchInput.tsx
FN:12,SearchInput
FNF:1
FNH:0
FNDA:0,SearchInput
DA:2,0
DA:5,0
DA:12,0
DA:14,0
DA:15,0
DA:17,0
LF:6
LH:0
BRDA:21,0,0,0
BRDA:21,0,1,0
BRF:2
BRH:0
end_of_record
TN:
SF:src/components/Menu/Menu.tsx
FN:19,Menu
FN:28,(anonymous_11)
FNF:2
FNH:0
FNDA:0,Menu
FNDA:0,(anonymous_11)
DA:2,0
DA:5,0
DA:19,0
DA:26,0
DA:27,0
DA:28,0
DA:30,0
LF:7
LH:0
BRDA:23,0,0,0
BRF:1
BRH:0
end_of_record
TN:
SF:src/components/Menu/MenuContext.ts
FNF:0
FNH:0
DA:5,0
DA:6,0
DA:7,0
LF:3
LH:0
BRF:0
BRH:0
end_of_record
TN:
SF:src/components/Menu/MenuDropdown.tsx
FN:16,MenuDropdown
FN:22,(anonymous_2)
FNF:2
FNH:0
FNDA:0,MenuDropdown
FNDA:0,(anonymous_2)
DA:2,0
DA:5,0
DA:6,0
DA:9,0
DA:16,0
DA:18,0
DA:19,0
DA:20,0
DA:21,0
DA:22,0
DA:24,0
LF:11
LH:0
BRDA:26,0,0,0
BRDA:26,0,1,0
BRF:2
BRH:0
end_of_record
TN:
SF:src/components/Menu/MenuItem.tsx
FN:15,MenuItem
FN:18,(anonymous_10)
FNF:2
FNH:0
FNDA:0,MenuItem
FNDA:0,(anonymous_10)
DA:2,0
DA:15,0
DA:17,0
DA:18,0
DA:20,0
LF:5
LH:0
BRDA:22,0,0,0
BRDA:22,0,1,0
BRF:2
BRH:0
end_of_record
TN:
SF:src/components/Menu/MenuTrigger.tsx
FN:17,MenuTrigger
FN:21,(anonymous_11)
FN:21,(anonymous_12)
FN:23,(anonymous_13)
FNF:4
FNH:0
FNDA:0,MenuTrigger
FNDA:0,(anonymous_11)
FNDA:0,(anonymous_12)
FNDA:0,(anonymous_13)
DA:2,0
DA:5,0
DA:17,0
DA:19,0
DA:20,0
DA:21,0
DA:22,0
DA:23,0
DA:25,0
DA:28,0
LF:10
LH:0
BRDA:22,0,0,0
BRF:1
BRH:0
end_of_record
TN:
SF:src/components/Modal/Modal.tsx
FN:22,Modal
FN:25,(anonymous_2)
FN:41,(anonymous_3)
FNF:3
FNH:0
FNDA:0,Modal
FNDA:0,(anonymous_2)
FNDA:0,(anonymous_3)
DA:2,0
DA:5,0
DA:6,0
DA:7,0
DA:8,0
DA:11,0
DA:12,0
DA:22,0
DA:24,0
DA:25,0
DA:26,0
DA:27,0
DA:28,0
DA:29,0
DA:30,0
DA:31,0
DA:33,0
DA:41,0
LF:18
LH:0
BRDA:24,0,0,0
BRDA:24,1,0,0
BRDA:34,2,0,0
BRDA:34,2,1,0
BRF:4
BRH:0
end_of_record
TN:
SF:src/components/Notification/Notification.tsx
FN:14,Notification
FN:18,(anonymous_2)
FN:19,(anonymous_3)
FN:34,(anonymous_4)
FNF:4
FNH:0
FNDA:0,Notification
FNDA:0,(anonymous_2)
FNDA:0,(anonymous_3)
FNDA:0,(anonymous_4)
DA:2,0
DA:5,0
DA:14,0
DA:16,0
DA:17,0
DA:18,0
DA:19,0
DA:21,0
DA:34,0
LF:9
LH:0
BRDA:18,0,0,0
BRDA:18,0,1,0
BRDA:22,1,0,0
BRDA:22,1,1,0
BRDA:24,2,0,0
BRDA:24,2,1,0
BRDA:26,3,0,0
BRDA:26,3,1,0
BRF:8
BRH:0
end_of_record
TN:
SF:src/components/Table/Table.tsx
FN:16,Table
FN:20,(anonymous_11)
FN:34,(anonymous_12)
FN:40,(anonymous_13)
FNF:4
FNH:0
FNDA:0,Table
FNDA:0,(anonymous_11)
FNDA:0,(anonymous_12)
FNDA:0,(anonymous_13)
DA:2,0
DA:5,0
DA:6,0
DA:16,0
DA:18,0
DA:19,0
DA:20,0
DA:22,0
DA:35,0
DA:41,0
LF:10
LH:0
BRDA:20,0,0,0
BRDA:20,0,1,0
BRDA:24,1,0,0
BRDA:24,1,1,0
BRDA:24,1,2,0
BRDA:30,2,0,0
BRDA:30,2,1,0
BRDA:40,3,0,0
BRDA:40,3,1,0
BRF:9
BRH:0
end_of_record
TN:
SF:src/components/Table/TableContext.ts
FNF:0
FNH:0
DA:5,0
DA:6,0
DA:7,0
LF:3
LH:0
BRF:0
BRH:0
end_of_record
TN:
SF:src/components/Table/TableRow.tsx
FN:14,TableRow
FN:17,(anonymous_10)
FN:19,(anonymous_11)
FN:31,(anonymous_12)
FNF:4
FNH:0
FNDA:0,TableRow
FNDA:0,(anonymous_10)
FNDA:0,(anonymous_11)
FNDA:0,(anonymous_12)
DA:2,0
DA:14,0
DA:16,0
DA:17,0
DA:18,0
DA:19,0
DA:20,0
DA:21,0
DA:24,0
DA:27,0
DA:32,0
LF:11
LH:0
BRDA:20,0,0,0
BRDA:29,1,0,0
BRDA:29,1,1,0
BRF:3
BRH:0
end_of_record
TN:
SF:src/components/Tabs/Tab.tsx
FN:12,Tab
FN:20,(anonymous_11)
FNF:2
FNH:0
FNDA:0,Tab
FNDA:0,(anonymous_11)
DA:2,0
DA:5,0
DA:12,0
DA:14,0
DA:15,0
DA:17,0
DA:20,0
LF:7
LH:0
BRDA:19,0,0,0
BRDA:19,0,1,0
BRF:2
BRH:0
end_of_record
TN:
SF:src/components/Tabs/TabPanel.tsx
FN:12,TabPanel
FNF:1
FNH:0
FNDA:0,TabPanel
DA:2,0
DA:5,0
DA:12,0
DA:14,0
DA:15,0
DA:17,0
LF:6
LH:0
BRDA:19,0,0,0
BRDA:19,0,1,0
BRF:2
BRH:0
end_of_record
TN:
SF:src/components/Tabs/TabPanels.tsx
FN:21,TabPanels
FN:28,(anonymous_11)
FN:29,(anonymous_12)
FN:37,(anonymous_13)
FNF:4
FNH:0
FNDA:0,TabPanels
FNDA:0,(anonymous_11)
FNDA:0,(anonymous_12)
FNDA:0,(anonymous_13)
DA:2,0
DA:11,0
DA:14,0
DA:21,0
DA:23,0
DA:24,0
DA:25,0
DA:26,0
DA:28,0
DA:29,0
DA:30,0
DA:31,0
DA:33,0
DA:37,0
DA:38,0
DA:39,0
DA:40,0
DA:43,0
LF:18
LH:0
BRDA:30,0,0,0
BRF:1
BRH:0
end_of_record
TN:
SF:src/components/Tabs/Tabs.tsx
FN:18,Tabs
FN:25,(anonymous_11)
FN:26,(anonymous_12)
FN:34,(anonymous_13)
FN:40,(anonymous_14)
FNF:5
FNH:0
FNDA:0,Tabs
FNDA:0,(anonymous_11)
FNDA:0,(anonymous_12)
FNDA:0,(anonymous_13)
FNDA:0,(anonymous_14)
DA:2,0
DA:11,0
DA:18,0
DA:20,0
DA:21,0
DA:22,0
DA:23,0
DA:24,0
DA:25,0
DA:26,0
DA:27,0
DA:28,0
DA:30,0
DA:34,0
DA:35,0
DA:36,0
DA:40,0
DA:41,0
DA:42,0
DA:43,0
DA:44,0
DA:45,0
DA:49,0
LF:23
LH:0
BRDA:27,0,0,0
BRDA:35,1,0,0
BRDA:41,2,0,0
BRF:3
BRH:0
end_of_record
TN:
SF:src/components/Tabs/TabsContainer.tsx
FN:7,TabsContainer
FNF:1
FNH:0
FNDA:0,TabsContainer
DA:2,0
DA:5,0
DA:7,0
DA:9,0
DA:10,0
DA:11,0
DA:13,0
LF:7
LH:0
BRF:0
BRH:0
end_of_record
TN:
SF:src/components/Tabs/TabsContext.ts
FNF:0
FNH:0
DA:5,0
DA:6,0
DA:7,0
LF:3
LH:0
BRF:0
BRH:0
end_of_record
TN:
SF:src/components/utils/BodyPortal.tsx
FN:5,BodyPortal
FN:9,(anonymous_2)
FNF:2
FNH:0
FNDA:0,BodyPortal
FNDA:0,(anonymous_2)
DA:2,0
DA:3,0
DA:5,0
DA:6,0
DA:7,0
DA:9,0
DA:10,0
DA:13,0
LF:8
LH:0
BRDA:13,0,0,0
BRDA:13,0,1,0
BRF:2
BRH:0
end_of_record
TN:
SF:src/hooks/useAnimation.ts
FN:10,(anonymous_0)
FN:17,(anonymous_1)
FN:24,(anonymous_2)
FN:38,(anonymous_3)
FN:42,(anonymous_4)
FN:47,(anonymous_5)
FNF:6
FNH:0
FNDA:0,(anonymous_0)
FNDA:0,(anonymous_1)
FNDA:0,(anonymous_2)
FNDA:0,(anonymous_3)
FNDA:0,(anonymous_4)
FNDA:0,(anonymous_5)
DA:4,0
DA:10,0
DA:12,0
DA:13,0
DA:14,0
DA:15,0
DA:17,0
DA:18,0
DA:19,0
DA:20,0
DA:24,0
DA:25,0
DA:26,0
DA:27,0
DA:28,0
DA:29,0
DA:31,0
DA:33,0
DA:34,0
DA:38,0
DA:39,0
DA:42,0
DA:43,0
DA:44,0
DA:45,0
DA:46,0
DA:47,0
DA:48,0
DA:49,0
DA:50,0
DA:51,0
DA:56,0
DA:59,0
LF:33
LH:0
BRDA:18,0,0,0
BRDA:19,1,0,0
BRDA:19,1,1,0
BRDA:19,2,0,0
BRDA:19,2,1,0
BRDA:19,3,0,0
BRDA:19,3,1,0
BRDA:19,4,0,0
BRDA:19,4,1,0
BRDA:25,5,0,0
BRDA:25,5,1,0
BRDA:26,6,0,0
BRDA:27,7,0,0
BRDA:27,7,1,0
BRDA:27,8,0,0
BRDA:27,8,1,0
BRDA:28,9,0,0
BRDA:28,9,1,0
BRDA:28,10,0,0
BRDA:28,10,1,0
BRDA:31,11,0,0
BRDA:31,11,1,0
BRDA:31,12,0,0
BRDA:31,12,1,0
BRDA:33,13,0,0
BRDA:33,13,1,0
BRDA:33,14,0,0
BRDA:33,14,1,0
BRDA:43,15,0,0
BRDA:44,16,0,0
BRDA:44,16,1,0
BRDA:44,17,0,0
BRDA:44,17,1,0
BRDA:46,18,0,0
BRDA:46,18,1,0
BRDA:46,19,0,0
BRDA:46,19,1,0
BRDA:46,19,2,0
BRDA:48,20,0,0
BRDA:48,20,1,0
BRDA:48,21,0,0
BRDA:48,21,1,0
BRDA:48,21,2,0
BRDA:50,22,0,0
BRDA:50,23,0,0
BRDA:50,23,1,0
BRDA:50,23,2,0
BRDA:56,24,0,0
BRDA:56,24,1,0
BRF:49
BRH:0
end_of_record
TN:
SF:src/hooks/useCloseOutClick.ts
FN:7,(anonymous_0)
FN:11,(anonymous_1)
FN:17,(anonymous_2)
FN:27,(anonymous_3)
FNF:4
FNH:0
FNDA:0,(anonymous_0)
FNDA:0,(anonymous_1)
FNDA:0,(anonymous_2)
FNDA:0,(anonymous_3)
DA:2,0
DA:7,0
DA:9,0
DA:11,0
DA:12,0
DA:13,0
DA:17,0
DA:19,0
DA:20,0
DA:21,0
DA:23,0
DA:24,0
DA:27,0
DA:28,0
DA:33,0
LF:15
LH:0
BRDA:12,0,0,0
BRDA:12,1,0,0
BRDA:12,1,1,0
BRDA:12,2,0,0
BRDA:12,2,1,0
BRDA:12,3,0,0
BRDA:12,3,1,0
BRDA:19,4,0,0
BRDA:19,4,1,0
BRDA:23,5,0,0
BRDA:23,5,1,0
BRDA:23,6,0,0
BRDA:23,6,1,0
BRF:13
BRH:0
end_of_record
TN:
SF:src/hooks/usePreventScroll.ts
FN:7,(anonymous_0)
FN:9,(anonymous_1)
FNF:2
FNH:0
FNDA:0,(anonymous_0)
FNDA:0,(anonymous_1)
DA:2,0
DA:7,0
DA:9,0
DA:11,0
DA:12,0
DA:13,0
DA:14,0
DA:17,0
DA:18,0
DA:24,0
LF:10
LH:0
BRDA:11,0,0,0
BRDA:11,0,1,0
BRDA:12,1,0,0
BRDA:17,2,0,0
BRF:4
BRH:0
end_of_record
TN:
SF:src/hooks/useTabThrough.ts
FN:7,(anonymous_0)
FN:11,(anonymous_1)
FN:30,(anonymous_2)
FN:36,(anonymous_3)
FN:40,(anonymous_4)
FN:48,(anonymous_5)
FNF:6
FNH:0
FNDA:0,(anonymous_0)
FNDA:0,(anonymous_1)
FNDA:0,(anonymous_2)
FNDA:0,(anonymous_3)
FNDA:0,(anonymous_4)
FNDA:0,(anonymous_5)
DA:2,0
DA:7,0
DA:9,0
DA:11,0
DA:12,0
DA:13,0
DA:14,0
DA:15,0
DA:16,0
DA:17,0
DA:18,0
DA:19,0
DA:20,0
DA:23,0
DA:24,0
DA:30,0
DA:31,0
DA:32,0
DA:36,0
DA:38,0
DA:39,0
DA:40,0
DA:41,0
DA:42,0
DA:44,0
DA:45,0
DA:48,0
DA:49,0
DA:50,0
DA:55,0
LF:30
LH:0
BRDA:12,0,0,0
BRDA:16,1,0,0
BRDA:16,1,1,0
BRDA:17,2,0,0
BRDA:17,3,0,0
BRDA:17,3,1,0
BRDA:17,3,2,0
BRDA:17,4,0,0
BRDA:17,4,1,0
BRDA:17,5,0,0
BRDA:17,5,1,0
BRDA:19,6,0,0
BRDA:19,6,1,0
BRDA:19,7,0,0
BRDA:19,7,1,0
BRDA:23,8,0,0
BRDA:23,9,0,0
BRDA:23,9,1,0
BRDA:23,10,0,0
BRDA:23,10,1,0
BRDA:23,11,0,0
BRDA:23,11,1,0
BRDA:31,12,0,0
BRDA:38,13,0,0
BRDA:38,13,1,0
BRDA:40,14,0,0
BRDA:40,14,1,0
BRDA:40,15,0,0
BRDA:40,15,1,0
BRF:29
BRH:0
end_of_record
TN:
SF:src/hooks/useTrapTabs.ts
FN:7,(anonymous_0)
FN:11,(anonymous_1)
FN:30,(anonymous_2)
FN:36,(anonymous_3)
FN:40,(anonymous_4)
FN:49,(anonymous_5)
FNF:6
FNH:0
FNDA:0,(anonymous_0)
FNDA:0,(anonymous_1)
FNDA:0,(anonymous_2)
FNDA:0,(anonymous_3)
FNDA:0,(anonymous_4)
FNDA:0,(anonymous_5)
DA:2,0
DA:7,0
DA:9,0
DA:11,0
DA:12,0
DA:13,0
DA:14,0
DA:15,0
DA:16,0
DA:17,0
DA:18,0
DA:19,0
DA:22,0
DA:23,0
DA:24,0
DA:30,0
DA:31,0
DA:32,0
DA:36,0
DA:38,0
DA:39,0
DA:40,0
DA:41,0
DA:42,0
DA:44,0
DA:45,0
DA:46,0
DA:49,0
DA:50,0
DA:51,0
DA:56,0
LF:31
LH:0
BRDA:12,0,0,0
BRDA:16,1,0,0
BRDA:16,1,1,0
BRDA:17,2,0,0
BRDA:17,3,0,0
BRDA:17,3,1,0
BRDA:17,4,0,0
BRDA:17,4,1,0
BRDA:17,5,0,0
BRDA:17,5,1,0
BRDA:22,6,0,0
BRDA:22,7,0,0
BRDA:22,7,1,0
BRDA:22,8,0,0
BRDA:22,8,1,0
BRDA:22,9,0,0
BRDA:22,9,1,0
BRDA:31,10,0,0
BRDA:38,11,0,0
BRDA:38,11,1,0
BRDA:40,12,0,0
BRDA:40,12,1,0
BRDA:40,13,0,0
BRDA:40,13,1,0
BRDA:44,14,0,0
BRDA:44,14,1,0
BRDA:44,15,0,0
BRDA:44,15,1,0
BRF:28
BRH:0
end_of_record
TN:
SF:src/hooks/useWindowWidth.ts
FN:4,useWindowWidth
FN:7,(anonymous_1)
FN:9,(anonymous_2)
FN:12,(anonymous_3)
FNF:4
FNH:0
FNDA:0,useWindowWidth
FNDA:0,(anonymous_1)
FNDA:0,(anonymous_2)
FNDA:0,(anonymous_3)
DA:2,0
DA:4,0
DA:6,0
DA:7,0
DA:9,0
DA:10,0
DA:12,0
DA:15,0
LF:8
LH:0
BRF:0
BRH:0
end_of_record
